<?xml version="1.0" encoding="UTF-8"?>
<!-- Generated by org.testng.reporters.JUnitReportReporter -->
<testsuite hostname="LAPTOP-7KRDH6ME" failures="0" tests="2" name="test.testClass" time="6.111" errors="0" timestamp="2024-01-23T15:46:39 IST" skipped="0">
  <testcase classname="test.testClass" name="method1" time="5.215"/>
  <testcase classname="test.testClass" name="method2" time="0.896"/>
</testsuite> <!-- test.testClass -->
